<?xml version="1.0" encoding="UTF-8"?>
<!-- Generated by org.testng.reporters.JUnitReportReporter -->
<testsuite hostname="HARSHAs" failures="0" tests="1" name="driverFactory.AppTest" time="150.608" errors="0" timestamp="2024-07-11T23:31:05 IST" skipped="0">
  <testcase classname="driverFactory.AppTest" name="kickStart" time="150.608"/>
</testsuite> <!-- driverFactory.AppTest -->
